<?xml version="1.0" encoding="UTF-8"?>
<!-- Generated by org.testng.reporters.JUnitReportReporter -->
<testsuite hostname="DESKTOP-DP6GTV0" name="com.Test.utils.DatabaseUtil" tests="1" failures="0" timestamp="3 Dec 2019 02:05:11 GMT" time="0.382" errors="0">
  <testcase name="getsqlSession" time="0.382" classname="com.Test.utils.DatabaseUtil"/>
</testsuite> <!-- com.Test.utils.DatabaseUtil -->
