<?xml version="1.0" encoding="UTF-8"?>
<!-- Generated by org.testng.reporters.JUnitReportReporter -->
<testsuite hostname="DESKTOP-DP6GTV0" name="com.Test.cases.LoginTest" tests="1" failures="0" timestamp="11 Jan 2020 08:46:44 GMT" time="1.164" errors="0">
  <testcase name="LoginTrue" time="1.164" classname="com.Test.cases.LoginTest"/>
</testsuite> <!-- com.Test.cases.LoginTest -->
