<?xml version="1.0" encoding="UTF-8"?>
<!-- Generated by org.testng.reporters.JUnitReportReporter -->
<testsuite hostname="DESKTOP-DP6GTV0" name="com.Test.cases.HistoryRecording" tests="1" failures="0" timestamp="11 Jan 2020 08:46:44 GMT" time="0.041" errors="0">
  <testcase name="HistoryRecording" time="0.041" classname="com.Test.cases.HistoryRecording"/>
</testsuite> <!-- com.Test.cases.HistoryRecording -->
