<?xml version="1.0" encoding="UTF-8"?>
<!-- Generated by org.testng.reporters.JUnitReportReporter -->
<testsuite hostname="DESKTOP-DP6GTV0" name="com.Test.cases.Betting" tests="1" failures="0" timestamp="11 Jan 2020 08:46:44 GMT" time="0.055" errors="0">
  <testcase name="Betting" time="0.055" classname="com.Test.cases.Betting"/>
</testsuite> <!-- com.Test.cases.Betting -->
